\BOOKMARK [1][]{section.1}{\376\377\0001\000\040\000L\000o\000a\000d\000\040\000D\000a\000t\000a\000s\000e\000t}{}% 1
\BOOKMARK [1][]{section.2}{\376\377\0002\000\040\000M\000o\000d\000e\000l\000s\000\040\000F\000i\000t\000t\000e\000d\000\040\000o\000n\000\040\000C\000h\000I\000P\000-\000s\000e\000q\000\040\000P\000e\000a\000k\000s}{}% 2
\BOOKMARK [1][]{section.3}{\376\377\0003\000\040\000M\000i\000x\000t\000u\000r\000e\000\040\000M\000o\000d\000e\000l\000s\000\040\000F\000i\000t\000t\000e\000d\000\040\000o\000n\000\040\000C\000h\000I\000P\000-\000s\000e\000q\000\040\000P\000e\000a\000k\000s}{}% 3
\BOOKMARK [2][-]{subsection.3.1}{\376\377\0003\000.\0001\000\040\000G\000M\000M\000s\000\040\000F\000i\000t\000t\000e\000d\000\040\000o\000n\000\040\000C\000h\000I\000P\000-\000s\000e\000q\000\040\000P\000e\000a\000k\000s}{section.3}% 4
\BOOKMARK [2][-]{subsection.3.2}{\376\377\0003\000.\0002\000\040\000N\000B\000M\000s\000\040\000f\000i\000t\000t\000e\000d\000\040\000o\000n\000\040\000C\000h\000I\000P\000s\000e\000q\000\040\000P\000e\000a\000k\000s}{section.3}% 5
\BOOKMARK [1][]{section.4}{\376\377\0004\000\040\000V\000i\000s\000u\000a\000l\000i\000z\000a\000t\000i\000o\000n\000\040\000o\000f\000\040\000t\000h\000e\000\040\000F\000i\000t\000t\000e\000d\000\040\000M\000M\000s\000\040\000o\000n\000\040\000C\000h\000I\000P\000-\000s\000e\000q\000\040\000d\000i\000s\000t\000r\000i\000b\000u\000t\000i\000o\000n\000s}{}% 6
\BOOKMARK [2][-]{subsection.4.1}{\376\377\0004\000.\0001\000\040\000F\000i\000t\000t\000e\000d\000\040\000G\000M\000M\000s\000\040\000V\000i\000s\000u\000a\000l\000i\000z\000e\000d\000\040\000o\000n\000\040\000C\000h\000i\000P\000-\000s\000e\000q\000\040\000d\000i\000s\000t\000r\000i\000b\000u\000t\000i\000o\000n\000s}{section.4}% 7
\BOOKMARK [2][-]{subsection.4.2}{\376\377\0004\000.\0002\000\040\000F\000i\000t\000t\000e\000d\000\040\000N\000B\000M\000s\000\040\000V\000i\000s\000u\000a\000l\000i\000z\000e\000d\000\040\000o\000n\000\040\000C\000h\000i\000P\000-\000s\000e\000q\000\040\000d\000i\000s\000t\000r\000i\000b\000u\000t\000i\000o\000n\000s}{section.4}% 8
\BOOKMARK [1][]{section.5}{\376\377\0005\000\040\000E\000m\000p\000e\000r\000i\000c\000a\000l\000\040\000v\000s\000\040\000E\000s\000t\000i\000m\000a\000t\000e\000\040\000D\000i\000s\000t\000r\000i\000b\000u\000t\000i\000o\000n}{}% 9
\BOOKMARK [2][-]{subsection.5.1}{\376\377\0005\000.\0001\000\040\000C\000o\000m\000p\000a\000r\000i\000n\000g\000\040\000D\000e\000n\000s\000i\000t\000y\000\040\000E\000s\000t\000i\000m\000a\000t\000e\000s\000:\000\040\000E\000m\000p\000i\000r\000i\000c\000a\000l\000\040\000v\000s\000\040\000G\000a\000u\000s\000s\000i\000a\000n\000\040\000M\000i\000x\000t\000u\000r\000e\000\040\000\050\000G\000M\000M\000\051}{section.5}% 10
\BOOKMARK [2][-]{subsection.5.2}{\376\377\0005\000.\0002\000\040\000C\000o\000m\000p\000a\000r\000i\000n\000g\000\040\000D\000e\000n\000s\000i\000t\000y\000\040\000E\000s\000t\000i\000m\000a\000t\000e\000s\000:\000\040\000E\000m\000p\000i\000r\000i\000c\000a\000l\000\040\000v\000s\000\040\000G\000a\000u\000s\000s\000i\000a\000n\000\040\000M\000i\000x\000t\000u\000r\000e\000\040\000\050\000N\000B\000M\000\051}{section.5}% 11
\BOOKMARK [1][]{section.6}{\376\377\0006\000\040\000S\000t\000a\000b\000i\000l\000i\000t\000y\000\040\000o\000f\000\040\000t\000h\000e\000\040\000D\000i\000s\000t\000r\000i\000b\000u\000t\000i\000o\000n\000\040\000o\000f\000\040\000C\000o\000m\000p\000o\000n\000e\000n\000t\000\040\000A\000s\000s\000i\000g\000n\000m\000e\000n\000t\000s}{}% 12
\BOOKMARK [2][-]{subsection.6.1}{\376\377\0006\000.\0001\000\040\000S\000t\000a\000b\000i\000l\000i\000t\000y\000\040\000o\000f\000\040\000t\000h\000e\000\040\000D\000i\000s\000t\000r\000i\000b\000u\000t\000i\000o\000n\000\040\000o\000f\000\040\000C\000o\000m\000p\000o\000n\000e\000n\000t\000\040\000A\000s\000s\000i\000g\000n\000m\000e\000n\000t\000s\000:\000\040\000G\000M\000M\000s}{section.6}% 13
\BOOKMARK [1][]{section.7}{\376\377\0007\000\040\000M\000o\000d\000e\000l\000\040\000A\000s\000s\000e\000s\000s\000m\000e\000n\000t\000:\000\040\000I\000n\000f\000o\000r\000m\000a\000t\000i\000o\000n\000\040\000C\000r\000i\000t\000e\000r\000i\000o\000n}{}% 14
\BOOKMARK [2][-]{subsection.7.1}{\376\377\0007\000.\0001\000\040\000G\000M\000M\000s\000\040\000M\000o\000d\000e\000l\000\040\000A\000s\000s\000e\000s\000s\000m\000e\000n\000t\000:\000\040\000A\000I\000C\000\040\000a\000n\000d\000\040\000B\000I\000C}{section.7}% 15
\BOOKMARK [2][-]{subsection.7.2}{\376\377\0007\000.\0002\000\040\000N\000B\000M\000s\000\040\000M\000o\000d\000e\000l\000\040\000A\000s\000s\000e\000s\000s\000m\000e\000n\000t\000:\000\040\000A\000I\000C\000\040\000a\000n\000d\000\040\000B\000I\000C}{section.7}% 16
\BOOKMARK [1][]{section.8}{\376\377\0008\000\040\000C\000o\000m\000p\000o\000n\000e\000n\000t\000\040\000A\000s\000s\000i\000g\000n\000m\000e\000n\000t\000\040\000b\000y\000\040\000M\000i\000x\000t\000u\000r\000e\000\040\000M\000o\000d\000e\000l\000s}{}% 17
\BOOKMARK [2][-]{subsection.8.1}{\376\377\0008\000.\0001\000\040\000C\000o\000m\000p\000o\000n\000e\000n\000t\000\040\000A\000s\000s\000i\000g\000n\000m\000e\000n\000t\000\040\000t\000o\000\040\000C\000h\000I\000P\000-\000s\000e\000q\000\040\000P\000e\000a\000k\000s}{section.8}% 18
\BOOKMARK [1][]{section.9}{\376\377\0009\000\040\000V\000i\000s\000u\000a\000l\000i\000z\000a\000t\000i\000o\000n\000\040\000C\000o\000m\000p\000o\000n\000e\000n\000t\000\040\000A\000s\000s\000i\000g\000n\000m\000e\000n\000t}{}% 19
\BOOKMARK [2][-]{subsection.9.1}{\376\377\0009\000.\0001\000\040\000V\000i\000s\000u\000a\000l\000i\000z\000a\000t\000i\000o\000n\000\040\000C\000o\000m\000p\000o\000n\000e\000n\000t\000\040\000A\000s\000s\000i\000g\000n\000m\000e\000n\000t}{section.9}% 20
\BOOKMARK [1][]{section.10}{\376\377\0001\0000\000\040\000S\000c\000o\000r\000e\000\040\000D\000i\000s\000t\000r\000i\000b\000u\000t\000i\000o\000n\000\040\000o\000f\000\040\000C\000o\000m\000p\000o\000n\000e\000n\000t\000\040\000A\000s\000s\000i\000g\000n\000m\000e\000n\000t\000s}{}% 21
\BOOKMARK [1][]{section.11}{\376\377\0001\0001\000\040\000M\000e\000t\000a\000i\000n\000f\000o}{}% 22
